2014-01-15 07:42:41 Debug: Notice (8): Undefined index: OrderDetail in [F:\xampp\htdocs\SalvatoresPizza\Controller\OrderDetailsController.php, line 159]
Trace:
OrderDetailsController::addtopping() - APP\Controller\OrderDetailsController.php, line 159
ReflectionMethod::invokeArgs() - [internal], line ??
Controller::invokeAction() - CORE\Cake\Controller\Controller.php, line 490
Dispatcher::_invoke() - CORE\Cake\Routing\Dispatcher.php, line 187
Dispatcher::dispatch() - CORE\Cake\Routing\Dispatcher.php, line 162
[main] - APP\webroot\index.php, line 101

2014-01-15 07:42:41 Debug: Notice (8): Undefined index: OrderDetail in [F:\xampp\htdocs\SalvatoresPizza\Controller\OrderDetailsController.php, line 161]
Trace:
OrderDetailsController::addtopping() - APP\Controller\OrderDetailsController.php, line 161
ReflectionMethod::invokeArgs() - [internal], line ??
Controller::invokeAction() - CORE\Cake\Controller\Controller.php, line 490
Dispatcher::_invoke() - CORE\Cake\Routing\Dispatcher.php, line 187
Dispatcher::dispatch() - CORE\Cake\Routing\Dispatcher.php, line 162
[main] - APP\webroot\index.php, line 101

2014-01-15 07:42:41 Debug: Notice (8): Undefined offset: 0 in [F:\xampp\htdocs\SalvatoresPizza\Controller\OrderDetailsController.php, line 162]
Trace:
OrderDetailsController::addtopping() - APP\Controller\OrderDetailsController.php, line 162
ReflectionMethod::invokeArgs() - [internal], line ??
Controller::invokeAction() - CORE\Cake\Controller\Controller.php, line 490
Dispatcher::_invoke() - CORE\Cake\Routing\Dispatcher.php, line 187
Dispatcher::dispatch() - CORE\Cake\Routing\Dispatcher.php, line 162
[main] - APP\webroot\index.php, line 101

2014-01-15 07:44:25 Debug: Notice (8): Undefined index: OrderDetail in [F:\xampp\htdocs\SalvatoresPizza\Controller\OrderDetailsController.php, line 159]
Trace:
OrderDetailsController::addtopping() - APP\Controller\OrderDetailsController.php, line 159
ReflectionMethod::invokeArgs() - [internal], line ??
Controller::invokeAction() - CORE\Cake\Controller\Controller.php, line 490
Dispatcher::_invoke() - CORE\Cake\Routing\Dispatcher.php, line 187
Dispatcher::dispatch() - CORE\Cake\Routing\Dispatcher.php, line 162
[main] - APP\webroot\index.php, line 101

2014-01-15 07:44:25 Debug: Notice (8): Undefined index: OrderDetail in [F:\xampp\htdocs\SalvatoresPizza\Controller\OrderDetailsController.php, line 161]
Trace:
OrderDetailsController::addtopping() - APP\Controller\OrderDetailsController.php, line 161
ReflectionMethod::invokeArgs() - [internal], line ??
Controller::invokeAction() - CORE\Cake\Controller\Controller.php, line 490
Dispatcher::_invoke() - CORE\Cake\Routing\Dispatcher.php, line 187
Dispatcher::dispatch() - CORE\Cake\Routing\Dispatcher.php, line 162
[main] - APP\webroot\index.php, line 101

2014-01-15 07:44:25 Debug: Notice (8): Undefined offset: 0 in [F:\xampp\htdocs\SalvatoresPizza\Controller\OrderDetailsController.php, line 162]
Trace:
OrderDetailsController::addtopping() - APP\Controller\OrderDetailsController.php, line 162
ReflectionMethod::invokeArgs() - [internal], line ??
Controller::invokeAction() - CORE\Cake\Controller\Controller.php, line 490
Dispatcher::_invoke() - CORE\Cake\Routing\Dispatcher.php, line 187
Dispatcher::dispatch() - CORE\Cake\Routing\Dispatcher.php, line 162
[main] - APP\webroot\index.php, line 101

2014-01-15 07:45:25 Debug: Notice (8): Undefined index: OrderDetail in [F:\xampp\htdocs\SalvatoresPizza\Controller\OrderDetailsController.php, line 159]
Trace:
OrderDetailsController::addtopping() - APP\Controller\OrderDetailsController.php, line 159
ReflectionMethod::invokeArgs() - [internal], line ??
Controller::invokeAction() - CORE\Cake\Controller\Controller.php, line 490
Dispatcher::_invoke() - CORE\Cake\Routing\Dispatcher.php, line 187
Dispatcher::dispatch() - CORE\Cake\Routing\Dispatcher.php, line 162
[main] - APP\webroot\index.php, line 101

2014-01-15 07:45:25 Debug: Notice (8): Undefined index: OrderDetail in [F:\xampp\htdocs\SalvatoresPizza\Controller\OrderDetailsController.php, line 161]
Trace:
OrderDetailsController::addtopping() - APP\Controller\OrderDetailsController.php, line 161
ReflectionMethod::invokeArgs() - [internal], line ??
Controller::invokeAction() - CORE\Cake\Controller\Controller.php, line 490
Dispatcher::_invoke() - CORE\Cake\Routing\Dispatcher.php, line 187
Dispatcher::dispatch() - CORE\Cake\Routing\Dispatcher.php, line 162
[main] - APP\webroot\index.php, line 101

2014-01-15 07:45:25 Debug: Notice (8): Undefined offset: 0 in [F:\xampp\htdocs\SalvatoresPizza\Controller\OrderDetailsController.php, line 162]
Trace:
OrderDetailsController::addtopping() - APP\Controller\OrderDetailsController.php, line 162
ReflectionMethod::invokeArgs() - [internal], line ??
Controller::invokeAction() - CORE\Cake\Controller\Controller.php, line 490
Dispatcher::_invoke() - CORE\Cake\Routing\Dispatcher.php, line 187
Dispatcher::dispatch() - CORE\Cake\Routing\Dispatcher.php, line 162
[main] - APP\webroot\index.php, line 101

2014-01-15 07:46:32 Debug: Notice (8): Undefined index: OrderDetail in [F:\xampp\htdocs\SalvatoresPizza\Controller\OrderDetailsController.php, line 159]
Trace:
OrderDetailsController::addtopping() - APP\Controller\OrderDetailsController.php, line 159
ReflectionMethod::invokeArgs() - [internal], line ??
Controller::invokeAction() - CORE\Cake\Controller\Controller.php, line 490
Dispatcher::_invoke() - CORE\Cake\Routing\Dispatcher.php, line 187
Dispatcher::dispatch() - CORE\Cake\Routing\Dispatcher.php, line 162
[main] - APP\webroot\index.php, line 101

2014-01-15 07:46:32 Debug: Notice (8): Undefined index: OrderDetail in [F:\xampp\htdocs\SalvatoresPizza\Controller\OrderDetailsController.php, line 161]
Trace:
OrderDetailsController::addtopping() - APP\Controller\OrderDetailsController.php, line 161
ReflectionMethod::invokeArgs() - [internal], line ??
Controller::invokeAction() - CORE\Cake\Controller\Controller.php, line 490
Dispatcher::_invoke() - CORE\Cake\Routing\Dispatcher.php, line 187
Dispatcher::dispatch() - CORE\Cake\Routing\Dispatcher.php, line 162
[main] - APP\webroot\index.php, line 101

2014-01-15 07:46:32 Debug: Notice (8): Undefined offset: 0 in [F:\xampp\htdocs\SalvatoresPizza\Controller\OrderDetailsController.php, line 162]
Trace:
OrderDetailsController::addtopping() - APP\Controller\OrderDetailsController.php, line 162
ReflectionMethod::invokeArgs() - [internal], line ??
Controller::invokeAction() - CORE\Cake\Controller\Controller.php, line 490
Dispatcher::_invoke() - CORE\Cake\Routing\Dispatcher.php, line 187
Dispatcher::dispatch() - CORE\Cake\Routing\Dispatcher.php, line 162
[main] - APP\webroot\index.php, line 101

2014-01-15 07:50:34 Debug: Notice (8): Undefined index: OrderDetail in [F:\xampp\htdocs\SalvatoresPizza\Controller\OrderDetailsController.php, line 159]
Trace:
OrderDetailsController::addtopping() - APP\Controller\OrderDetailsController.php, line 159
ReflectionMethod::invokeArgs() - [internal], line ??
Controller::invokeAction() - CORE\Cake\Controller\Controller.php, line 490
Dispatcher::_invoke() - CORE\Cake\Routing\Dispatcher.php, line 187
Dispatcher::dispatch() - CORE\Cake\Routing\Dispatcher.php, line 162
[main] - APP\webroot\index.php, line 101

2014-01-15 07:50:34 Debug: Notice (8): Undefined index: OrderDetail in [F:\xampp\htdocs\SalvatoresPizza\Controller\OrderDetailsController.php, line 161]
Trace:
OrderDetailsController::addtopping() - APP\Controller\OrderDetailsController.php, line 161
ReflectionMethod::invokeArgs() - [internal], line ??
Controller::invokeAction() - CORE\Cake\Controller\Controller.php, line 490
Dispatcher::_invoke() - CORE\Cake\Routing\Dispatcher.php, line 187
Dispatcher::dispatch() - CORE\Cake\Routing\Dispatcher.php, line 162
[main] - APP\webroot\index.php, line 101

2014-01-15 07:50:34 Debug: Notice (8): Undefined offset: 0 in [F:\xampp\htdocs\SalvatoresPizza\Controller\OrderDetailsController.php, line 162]
Trace:
OrderDetailsController::addtopping() - APP\Controller\OrderDetailsController.php, line 162
ReflectionMethod::invokeArgs() - [internal], line ??
Controller::invokeAction() - CORE\Cake\Controller\Controller.php, line 490
Dispatcher::_invoke() - CORE\Cake\Routing\Dispatcher.php, line 187
Dispatcher::dispatch() - CORE\Cake\Routing\Dispatcher.php, line 162
[main] - APP\webroot\index.php, line 101

2014-01-15 07:51:10 Debug: Notice (8): Undefined index: OrderDetail in [F:\xampp\htdocs\SalvatoresPizza\Controller\OrderDetailsController.php, line 159]
Trace:
OrderDetailsController::addtopping() - APP\Controller\OrderDetailsController.php, line 159
ReflectionMethod::invokeArgs() - [internal], line ??
Controller::invokeAction() - CORE\Cake\Controller\Controller.php, line 490
Dispatcher::_invoke() - CORE\Cake\Routing\Dispatcher.php, line 187
Dispatcher::dispatch() - CORE\Cake\Routing\Dispatcher.php, line 162
[main] - APP\webroot\index.php, line 101

2014-01-15 07:51:10 Debug: Notice (8): Undefined index: OrderDetail in [F:\xampp\htdocs\SalvatoresPizza\Controller\OrderDetailsController.php, line 161]
Trace:
OrderDetailsController::addtopping() - APP\Controller\OrderDetailsController.php, line 161
ReflectionMethod::invokeArgs() - [internal], line ??
Controller::invokeAction() - CORE\Cake\Controller\Controller.php, line 490
Dispatcher::_invoke() - CORE\Cake\Routing\Dispatcher.php, line 187
Dispatcher::dispatch() - CORE\Cake\Routing\Dispatcher.php, line 162
[main] - APP\webroot\index.php, line 101

2014-01-15 07:51:10 Debug: Notice (8): Undefined offset: 0 in [F:\xampp\htdocs\SalvatoresPizza\Controller\OrderDetailsController.php, line 162]
Trace:
OrderDetailsController::addtopping() - APP\Controller\OrderDetailsController.php, line 162
ReflectionMethod::invokeArgs() - [internal], line ??
Controller::invokeAction() - CORE\Cake\Controller\Controller.php, line 490
Dispatcher::_invoke() - CORE\Cake\Routing\Dispatcher.php, line 187
Dispatcher::dispatch() - CORE\Cake\Routing\Dispatcher.php, line 162
[main] - APP\webroot\index.php, line 101

2014-01-15 07:55:42 Debug: Notice (8): Undefined index: OrderDetail in [F:\xampp\htdocs\SalvatoresPizza\Controller\OrderDetailsController.php, line 159]
Trace:
OrderDetailsController::addtopping() - APP\Controller\OrderDetailsController.php, line 159
ReflectionMethod::invokeArgs() - [internal], line ??
Controller::invokeAction() - CORE\Cake\Controller\Controller.php, line 490
Dispatcher::_invoke() - CORE\Cake\Routing\Dispatcher.php, line 187
Dispatcher::dispatch() - CORE\Cake\Routing\Dispatcher.php, line 162
[main] - APP\webroot\index.php, line 101

2014-01-15 07:55:42 Debug: Notice (8): Undefined index: OrderDetail in [F:\xampp\htdocs\SalvatoresPizza\Controller\OrderDetailsController.php, line 161]
Trace:
OrderDetailsController::addtopping() - APP\Controller\OrderDetailsController.php, line 161
ReflectionMethod::invokeArgs() - [internal], line ??
Controller::invokeAction() - CORE\Cake\Controller\Controller.php, line 490
Dispatcher::_invoke() - CORE\Cake\Routing\Dispatcher.php, line 187
Dispatcher::dispatch() - CORE\Cake\Routing\Dispatcher.php, line 162
[main] - APP\webroot\index.php, line 101

2014-01-15 07:55:42 Debug: Notice (8): Undefined offset: 0 in [F:\xampp\htdocs\SalvatoresPizza\Controller\OrderDetailsController.php, line 162]
Trace:
OrderDetailsController::addtopping() - APP\Controller\OrderDetailsController.php, line 162
ReflectionMethod::invokeArgs() - [internal], line ??
Controller::invokeAction() - CORE\Cake\Controller\Controller.php, line 490
Dispatcher::_invoke() - CORE\Cake\Routing\Dispatcher.php, line 187
Dispatcher::dispatch() - CORE\Cake\Routing\Dispatcher.php, line 162
[main] - APP\webroot\index.php, line 101

2014-01-15 07:56:27 Debug: Notice (8): Undefined index: OrderDetail in [F:\xampp\htdocs\SalvatoresPizza\Controller\OrderDetailsController.php, line 159]
Trace:
OrderDetailsController::addtopping() - APP\Controller\OrderDetailsController.php, line 159
ReflectionMethod::invokeArgs() - [internal], line ??
Controller::invokeAction() - CORE\Cake\Controller\Controller.php, line 490
Dispatcher::_invoke() - CORE\Cake\Routing\Dispatcher.php, line 187
Dispatcher::dispatch() - CORE\Cake\Routing\Dispatcher.php, line 162
[main] - APP\webroot\index.php, line 101

2014-01-15 07:56:27 Debug: Notice (8): Undefined index: OrderDetail in [F:\xampp\htdocs\SalvatoresPizza\Controller\OrderDetailsController.php, line 161]
Trace:
OrderDetailsController::addtopping() - APP\Controller\OrderDetailsController.php, line 161
ReflectionMethod::invokeArgs() - [internal], line ??
Controller::invokeAction() - CORE\Cake\Controller\Controller.php, line 490
Dispatcher::_invoke() - CORE\Cake\Routing\Dispatcher.php, line 187
Dispatcher::dispatch() - CORE\Cake\Routing\Dispatcher.php, line 162
[main] - APP\webroot\index.php, line 101

2014-01-15 07:56:27 Debug: Notice (8): Undefined offset: 0 in [F:\xampp\htdocs\SalvatoresPizza\Controller\OrderDetailsController.php, line 162]
Trace:
OrderDetailsController::addtopping() - APP\Controller\OrderDetailsController.php, line 162
ReflectionMethod::invokeArgs() - [internal], line ??
Controller::invokeAction() - CORE\Cake\Controller\Controller.php, line 490
Dispatcher::_invoke() - CORE\Cake\Routing\Dispatcher.php, line 187
Dispatcher::dispatch() - CORE\Cake\Routing\Dispatcher.php, line 162
[main] - APP\webroot\index.php, line 101

