2014-01-04 22:08:38 Error: [MissingControllerException] Controller class CssController could not be found.
Exception Attributes: array (
  'class' => 'CssController',
  'plugin' => NULL,
)
Request URL: /SalvatoresPizza/css/cake.customer.css
Stack Trace:
#0 F:\xampp\htdocs\SalvatoresPizza\webroot\index.php(101): Dispatcher->dispatch(Object(CakeRequest), Object(CakeResponse))
#1 {main}
2014-01-04 22:08:41 Error: [MissingControllerException] Controller class ImgController could not be found.
Exception Attributes: array (
  'class' => 'ImgController',
  'plugin' => NULL,
)
Request URL: /SalvatoresPizza/img/SalvatoresBanner.png
Stack Trace:
#0 F:\xampp\htdocs\SalvatoresPizza\webroot\index.php(101): Dispatcher->dispatch(Object(CakeRequest), Object(CakeResponse))
#1 {main}
2014-01-04 22:09:29 Error: [MissingControllerException] Controller class CssController could not be found.
Exception Attributes: array (
  'class' => 'CssController',
  'plugin' => NULL,
)
Request URL: /SalvatoresPizza/css/cake.customer.css
Stack Trace:
#0 F:\xampp\htdocs\SalvatoresPizza\webroot\index.php(101): Dispatcher->dispatch(Object(CakeRequest), Object(CakeResponse))
#1 {main}
2014-01-04 22:09:29 Error: [MissingControllerException] Controller class ImgController could not be found.
Exception Attributes: array (
  'class' => 'ImgController',
  'plugin' => NULL,
)
Request URL: /SalvatoresPizza/img/SalvatoresBanner.png
Stack Trace:
#0 F:\xampp\htdocs\SalvatoresPizza\webroot\index.php(101): Dispatcher->dispatch(Object(CakeRequest), Object(CakeResponse))
#1 {main}
2014-01-04 22:11:42 Error: [MissingControllerException] Controller class ImgController could not be found.
Exception Attributes: array (
  'class' => 'ImgController',
  'plugin' => NULL,
)
Request URL: /SalvatoresPizza/img/SalvatoresBanner.png
Stack Trace:
#0 F:\xampp\htdocs\SalvatoresPizza\webroot\index.php(101): Dispatcher->dispatch(Object(CakeRequest), Object(CakeResponse))
#1 {main}
2014-01-04 22:12:57 Error: [MissingViewException] View file "F:\xampp\htdocs\SalvatoresPizza\View\Pages\reviews.ctp" is missing.
Exception Attributes: array (
  'file' => 'F:\\xampp\\htdocs\\SalvatoresPizza\\View\\Pages\\reviews.ctp',
)
Request URL: /SalvatoresPizza/reviews
Stack Trace:
#0 C:\cake\cakephp-2.4.0\lib\Cake\View\View.php(459): View->_getViewFileName('reviews')
#1 C:\cake\cakephp-2.4.0\lib\Cake\Controller\Controller.php(952): View->render('reviews', NULL)
#2 F:\xampp\htdocs\SalvatoresPizza\Controller\PagesController.php(62): Controller->render('reviews')
#3 [internal function]: PagesController->display('reviews')
#4 C:\cake\cakephp-2.4.0\lib\Cake\Controller\Controller.php(490): ReflectionMethod->invokeArgs(Object(PagesController), Array)
#5 C:\cake\cakephp-2.4.0\lib\Cake\Routing\Dispatcher.php(187): Controller->invokeAction(Object(CakeRequest))
#6 C:\cake\cakephp-2.4.0\lib\Cake\Routing\Dispatcher.php(162): Dispatcher->_invoke(Object(PagesController), Object(CakeRequest), Object(CakeResponse))
#7 F:\xampp\htdocs\SalvatoresPizza\webroot\index.php(101): Dispatcher->dispatch(Object(CakeRequest), Object(CakeResponse))
#8 {main}
2014-01-04 22:13:18 Error: [MissingControllerException] Controller class ImgController could not be found.
Exception Attributes: array (
  'class' => 'ImgController',
  'plugin' => NULL,
)
Request URL: /SalvatoresPizza/img/SalvatoresBanner.png
Stack Trace:
#0 F:\xampp\htdocs\SalvatoresPizza\webroot\index.php(101): Dispatcher->dispatch(Object(CakeRequest), Object(CakeResponse))
#1 {main}
2014-01-04 22:13:44 Error: [MissingControllerException] Controller class ImgController could not be found.
Exception Attributes: array (
  'class' => 'ImgController',
  'plugin' => NULL,
)
Request URL: /SalvatoresPizza/img/SalvatoresBanner.png
Stack Trace:
#0 F:\xampp\htdocs\SalvatoresPizza\webroot\index.php(101): Dispatcher->dispatch(Object(CakeRequest), Object(CakeResponse))
#1 {main}
2014-01-04 22:45:51 Error: [MissingViewException] View file "F:\xampp\htdocs\SalvatoresPizza\View\Pages\reviews.ctp" is missing.
Exception Attributes: array (
  'file' => 'F:\\xampp\\htdocs\\SalvatoresPizza\\View\\Pages\\reviews.ctp',
)
Request URL: /SalvatoresPizza/reviews
Stack Trace:
#0 C:\cake\cakephp-2.4.0\lib\Cake\View\View.php(459): View->_getViewFileName('reviews')
#1 C:\cake\cakephp-2.4.0\lib\Cake\Controller\Controller.php(952): View->render('reviews', NULL)
#2 F:\xampp\htdocs\SalvatoresPizza\Controller\PagesController.php(62): Controller->render('reviews')
#3 [internal function]: PagesController->display('reviews')
#4 C:\cake\cakephp-2.4.0\lib\Cake\Controller\Controller.php(490): ReflectionMethod->invokeArgs(Object(PagesController), Array)
#5 C:\cake\cakephp-2.4.0\lib\Cake\Routing\Dispatcher.php(187): Controller->invokeAction(Object(CakeRequest))
#6 C:\cake\cakephp-2.4.0\lib\Cake\Routing\Dispatcher.php(162): Dispatcher->_invoke(Object(PagesController), Object(CakeRequest), Object(CakeResponse))
#7 F:\xampp\htdocs\SalvatoresPizza\webroot\index.php(101): Dispatcher->dispatch(Object(CakeRequest), Object(CakeResponse))
#8 {main}
2014-01-04 22:46:41 Error: [MissingViewException] View file "F:\xampp\htdocs\SalvatoresPizza\View\Pages\reviews.ctp" is missing.
Exception Attributes: array (
  'file' => 'F:\\xampp\\htdocs\\SalvatoresPizza\\View\\Pages\\reviews.ctp',
)
Request URL: /SalvatoresPizza/reviews
Stack Trace:
#0 C:\cake\cakephp-2.4.0\lib\Cake\View\View.php(459): View->_getViewFileName('reviews')
#1 C:\cake\cakephp-2.4.0\lib\Cake\Controller\Controller.php(952): View->render('reviews', NULL)
#2 F:\xampp\htdocs\SalvatoresPizza\Controller\PagesController.php(62): Controller->render('reviews')
#3 [internal function]: PagesController->display('reviews')
#4 C:\cake\cakephp-2.4.0\lib\Cake\Controller\Controller.php(490): ReflectionMethod->invokeArgs(Object(PagesController), Array)
#5 C:\cake\cakephp-2.4.0\lib\Cake\Routing\Dispatcher.php(187): Controller->invokeAction(Object(CakeRequest))
#6 C:\cake\cakephp-2.4.0\lib\Cake\Routing\Dispatcher.php(162): Dispatcher->_invoke(Object(PagesController), Object(CakeRequest), Object(CakeResponse))
#7 F:\xampp\htdocs\SalvatoresPizza\webroot\index.php(101): Dispatcher->dispatch(Object(CakeRequest), Object(CakeResponse))
#8 {main}
2014-01-04 22:50:01 Error: [MissingViewException] View file "F:\xampp\htdocs\SalvatoresPizza\View\Pages\reviews.ctp" is missing.
Exception Attributes: array (
  'file' => 'F:\\xampp\\htdocs\\SalvatoresPizza\\View\\Pages\\reviews.ctp',
)
Request URL: /SalvatoresPizza/reviews
Stack Trace:
#0 C:\cake\cakephp-2.4.0\lib\Cake\View\View.php(459): View->_getViewFileName('reviews')
#1 C:\cake\cakephp-2.4.0\lib\Cake\Controller\Controller.php(952): View->render('reviews', NULL)
#2 F:\xampp\htdocs\SalvatoresPizza\Controller\PagesController.php(63): Controller->render('reviews')
#3 [internal function]: PagesController->display('reviews')
#4 C:\cake\cakephp-2.4.0\lib\Cake\Controller\Controller.php(490): ReflectionMethod->invokeArgs(Object(PagesController), Array)
#5 C:\cake\cakephp-2.4.0\lib\Cake\Routing\Dispatcher.php(187): Controller->invokeAction(Object(CakeRequest))
#6 C:\cake\cakephp-2.4.0\lib\Cake\Routing\Dispatcher.php(162): Dispatcher->_invoke(Object(PagesController), Object(CakeRequest), Object(CakeResponse))
#7 F:\xampp\htdocs\SalvatoresPizza\webroot\index.php(101): Dispatcher->dispatch(Object(CakeRequest), Object(CakeResponse))
#8 {main}
2014-01-04 22:50:05 Error: [MissingViewException] View file "F:\xampp\htdocs\SalvatoresPizza\View\Pages\reviews.ctp" is missing.
Exception Attributes: array (
  'file' => 'F:\\xampp\\htdocs\\SalvatoresPizza\\View\\Pages\\reviews.ctp',
)
Request URL: /SalvatoresPizza/reviews
Stack Trace:
#0 C:\cake\cakephp-2.4.0\lib\Cake\View\View.php(459): View->_getViewFileName('reviews')
#1 C:\cake\cakephp-2.4.0\lib\Cake\Controller\Controller.php(952): View->render('reviews', NULL)
#2 F:\xampp\htdocs\SalvatoresPizza\Controller\PagesController.php(63): Controller->render('reviews')
#3 [internal function]: PagesController->display('reviews')
#4 C:\cake\cakephp-2.4.0\lib\Cake\Controller\Controller.php(490): ReflectionMethod->invokeArgs(Object(PagesController), Array)
#5 C:\cake\cakephp-2.4.0\lib\Cake\Routing\Dispatcher.php(187): Controller->invokeAction(Object(CakeRequest))
#6 C:\cake\cakephp-2.4.0\lib\Cake\Routing\Dispatcher.php(162): Dispatcher->_invoke(Object(PagesController), Object(CakeRequest), Object(CakeResponse))
#7 F:\xampp\htdocs\SalvatoresPizza\webroot\index.php(101): Dispatcher->dispatch(Object(CakeRequest), Object(CakeResponse))
#8 {main}
2014-01-05 23:14:30 Error: [MissingViewException] View file "F:\xampp\htdocs\SalvatoresPizza\View\Users\login.ctp" is missing.
Exception Attributes: array (
  'file' => 'F:\\xampp\\htdocs\\SalvatoresPizza\\View\\Users\\login.ctp',
)
Request URL: /SalvatoresPizza/users/login
Stack Trace:
#0 C:\cake\cakephp-2.4.0\lib\Cake\View\View.php(459): View->_getViewFileName(NULL)
#1 C:\cake\cakephp-2.4.0\lib\Cake\Controller\Controller.php(952): View->render(NULL, NULL)
#2 C:\cake\cakephp-2.4.0\lib\Cake\Routing\Dispatcher.php(194): Controller->render()
#3 C:\cake\cakephp-2.4.0\lib\Cake\Routing\Dispatcher.php(162): Dispatcher->_invoke(Object(UsersController), Object(CakeRequest), Object(CakeResponse))
#4 F:\xampp\htdocs\SalvatoresPizza\webroot\index.php(101): Dispatcher->dispatch(Object(CakeRequest), Object(CakeResponse))
#5 {main}
2014-01-05 23:26:44 Error: [MissingViewException] View file "F:\xampp\htdocs\SalvatoresPizza\View\Users\login.ctp" is missing.
Exception Attributes: array (
  'file' => 'F:\\xampp\\htdocs\\SalvatoresPizza\\View\\Users\\login.ctp',
)
Request URL: /SalvatoresPizza/users/login
Stack Trace:
#0 C:\cake\cakephp-2.4.0\lib\Cake\View\View.php(459): View->_getViewFileName(NULL)
#1 C:\cake\cakephp-2.4.0\lib\Cake\Controller\Controller.php(952): View->render(NULL, NULL)
#2 C:\cake\cakephp-2.4.0\lib\Cake\Routing\Dispatcher.php(194): Controller->render()
#3 C:\cake\cakephp-2.4.0\lib\Cake\Routing\Dispatcher.php(162): Dispatcher->_invoke(Object(UsersController), Object(CakeRequest), Object(CakeResponse))
#4 F:\xampp\htdocs\SalvatoresPizza\webroot\index.php(101): Dispatcher->dispatch(Object(CakeRequest), Object(CakeResponse))
#5 {main}
2014-01-05 23:35:41 Error: [MissingActionException] Action UsersController::addbackoffice() could not be found.
Exception Attributes: array (
  'controller' => 'UsersController',
  'action' => 'addbackoffice',
)
Request URL: /SalvatoresPizza/users/addbackoffice
Stack Trace:
#0 C:\cake\cakephp-2.4.0\lib\Cake\Routing\Dispatcher.php(187): Controller->invokeAction(Object(CakeRequest))
#1 C:\cake\cakephp-2.4.0\lib\Cake\Routing\Dispatcher.php(162): Dispatcher->_invoke(Object(UsersController), Object(CakeRequest), Object(CakeResponse))
#2 F:\xampp\htdocs\SalvatoresPizza\webroot\index.php(101): Dispatcher->dispatch(Object(CakeRequest), Object(CakeResponse))
#3 {main}
2014-01-06 06:23:51 Error: [MissingPluginException] Plugin AclExtras could not be found.
Exception Attributes: array (
  'plugin' => 'AclExtras',
)
Stack Trace:
#0 F:\xampp\htdocs\SalvatoresPizza\Config\bootstrap.php(82): CakePlugin::load('AclExtras')
#1 C:\cake\cakephp-2.4.0\lib\Cake\Core\Configure.php(92): include('F:\xampp\htdocs...')
#2 C:\cake\cakephp-2.4.0\lib\Cake\bootstrap.php(177): Configure::bootstrap(true)
#3 C:\cake\cakephp-2.4.0\lib\Cake\Console\ShellDispatcher.php(138): require('C:\cake\cakephp...')
#4 C:\cake\cakephp-2.4.0\lib\Cake\Console\ShellDispatcher.php(100): ShellDispatcher->_bootstrap()
#5 C:\cake\cakephp-2.4.0\lib\Cake\Console\ShellDispatcher.php(56): ShellDispatcher->_initEnvironment()
#6 C:\cake\cakephp-2.4.0\lib\Cake\Console\ShellDispatcher.php(67): ShellDispatcher->__construct(Array)
#7 C:\cake\cakephp-2.4.0\app\Console\cake.php(37): ShellDispatcher::run(Array)
#8 {main}
2014-01-06 06:52:02 Error: [MissingActionException] Action UsersController::home() could not be found.
Exception Attributes: array (
  'controller' => 'UsersController',
  'action' => 'home',
)
Request URL: /SalvatoresPizza/users/home
Stack Trace:
#0 C:\cake\cakephp-2.4.0\lib\Cake\Routing\Dispatcher.php(187): Controller->invokeAction(Object(CakeRequest))
#1 C:\cake\cakephp-2.4.0\lib\Cake\Routing\Dispatcher.php(162): Dispatcher->_invoke(Object(UsersController), Object(CakeRequest), Object(CakeResponse))
#2 F:\xampp\htdocs\SalvatoresPizza\webroot\index.php(101): Dispatcher->dispatch(Object(CakeRequest), Object(CakeResponse))
#3 {main}
2014-01-06 18:45:06 Error: [PDOException] SQLSTATE[42S22]: Column not found: 1054 Unknown column 'User.username' in 'where clause'
Request URL: /SalvatoresPizza/users/login
Stack Trace:
#0 C:\cake\cakephp-2.4.0\lib\Cake\Model\Datasource\DboSource.php(460): PDOStatement->execute(Array)
#1 C:\cake\cakephp-2.4.0\lib\Cake\Model\Datasource\DboSource.php(426): DboSource->_execute('SELECT `User`.`...', Array)
#2 C:\cake\cakephp-2.4.0\lib\Cake\Model\Datasource\DboSource.php(666): DboSource->execute('SELECT `User`.`...', Array, Array)
#3 C:\cake\cakephp-2.4.0\lib\Cake\Model\Datasource\DboSource.php(1077): DboSource->fetchAll('SELECT `User`.`...', false)
#4 C:\cake\cakephp-2.4.0\lib\Cake\Model\Model.php(2750): DboSource->read(Object(User), Array)
#5 C:\cake\cakephp-2.4.0\lib\Cake\Model\Model.php(2722): Model->_readDataSource('first', Array)
#6 C:\cake\cakephp-2.4.0\lib\Cake\Controller\Component\Auth\BaseAuthenticate.php(114): Model->find('first', Array)
#7 C:\cake\cakephp-2.4.0\lib\Cake\Controller\Component\Auth\FormAuthenticate.php(81): BaseAuthenticate->_findUser('rbarnett@samfor...', 'Samue1Jackson')
#8 C:\cake\cakephp-2.4.0\lib\Cake\Controller\Component\AuthComponent.php(754): FormAuthenticate->authenticate(Object(CakeRequest), Object(CakeResponse))
#9 C:\cake\cakephp-2.4.0\lib\Cake\Controller\Component\AuthComponent.php(601): AuthComponent->identify(Object(CakeRequest), Object(CakeResponse))
#10 F:\xampp\htdocs\SalvatoresPizza\Controller\UsersController.php(169): AuthComponent->login()
#11 [internal function]: UsersController->login()
#12 C:\cake\cakephp-2.4.0\lib\Cake\Controller\Controller.php(490): ReflectionMethod->invokeArgs(Object(UsersController), Array)
#13 C:\cake\cakephp-2.4.0\lib\Cake\Routing\Dispatcher.php(187): Controller->invokeAction(Object(CakeRequest))
#14 C:\cake\cakephp-2.4.0\lib\Cake\Routing\Dispatcher.php(162): Dispatcher->_invoke(Object(UsersController), Object(CakeRequest), Object(CakeResponse))
#15 F:\xampp\htdocs\SalvatoresPizza\webroot\index.php(101): Dispatcher->dispatch(Object(CakeRequest), Object(CakeResponse))
#16 {main}
2014-01-06 18:45:20 Error: [PDOException] SQLSTATE[42S22]: Column not found: 1054 Unknown column 'User.username' in 'where clause'
Request URL: /SalvatoresPizza/users/login
Stack Trace:
#0 C:\cake\cakephp-2.4.0\lib\Cake\Model\Datasource\DboSource.php(460): PDOStatement->execute(Array)
#1 C:\cake\cakephp-2.4.0\lib\Cake\Model\Datasource\DboSource.php(426): DboSource->_execute('SELECT `User`.`...', Array)
#2 C:\cake\cakephp-2.4.0\lib\Cake\Model\Datasource\DboSource.php(666): DboSource->execute('SELECT `User`.`...', Array, Array)
#3 C:\cake\cakephp-2.4.0\lib\Cake\Model\Datasource\DboSource.php(1077): DboSource->fetchAll('SELECT `User`.`...', false)
#4 C:\cake\cakephp-2.4.0\lib\Cake\Model\Model.php(2750): DboSource->read(Object(User), Array)
#5 C:\cake\cakephp-2.4.0\lib\Cake\Model\Model.php(2722): Model->_readDataSource('first', Array)
#6 C:\cake\cakephp-2.4.0\lib\Cake\Controller\Component\Auth\BaseAuthenticate.php(114): Model->find('first', Array)
#7 C:\cake\cakephp-2.4.0\lib\Cake\Controller\Component\Auth\FormAuthenticate.php(81): BaseAuthenticate->_findUser('rbarnett', 'Samue1Jackson')
#8 C:\cake\cakephp-2.4.0\lib\Cake\Controller\Component\AuthComponent.php(754): FormAuthenticate->authenticate(Object(CakeRequest), Object(CakeResponse))
#9 C:\cake\cakephp-2.4.0\lib\Cake\Controller\Component\AuthComponent.php(601): AuthComponent->identify(Object(CakeRequest), Object(CakeResponse))
#10 F:\xampp\htdocs\SalvatoresPizza\Controller\UsersController.php(169): AuthComponent->login()
#11 [internal function]: UsersController->login()
#12 C:\cake\cakephp-2.4.0\lib\Cake\Controller\Controller.php(490): ReflectionMethod->invokeArgs(Object(UsersController), Array)
#13 C:\cake\cakephp-2.4.0\lib\Cake\Routing\Dispatcher.php(187): Controller->invokeAction(Object(CakeRequest))
#14 C:\cake\cakephp-2.4.0\lib\Cake\Routing\Dispatcher.php(162): Dispatcher->_invoke(Object(UsersController), Object(CakeRequest), Object(CakeResponse))
#15 F:\xampp\htdocs\SalvatoresPizza\webroot\index.php(101): Dispatcher->dispatch(Object(CakeRequest), Object(CakeResponse))
#16 {main}
2014-01-06 18:46:06 Error: [PDOException] SQLSTATE[42S22]: Column not found: 1054 Unknown column 'User.username' in 'where clause'
Request URL: /SalvatoresPizza/users/login
Stack Trace:
#0 C:\cake\cakephp-2.4.0\lib\Cake\Model\Datasource\DboSource.php(460): PDOStatement->execute(Array)
#1 C:\cake\cakephp-2.4.0\lib\Cake\Model\Datasource\DboSource.php(426): DboSource->_execute('SELECT `User`.`...', Array)
#2 C:\cake\cakephp-2.4.0\lib\Cake\Model\Datasource\DboSource.php(666): DboSource->execute('SELECT `User`.`...', Array, Array)
#3 C:\cake\cakephp-2.4.0\lib\Cake\Model\Datasource\DboSource.php(1077): DboSource->fetchAll('SELECT `User`.`...', false)
#4 C:\cake\cakephp-2.4.0\lib\Cake\Model\Model.php(2750): DboSource->read(Object(User), Array)
#5 C:\cake\cakephp-2.4.0\lib\Cake\Model\Model.php(2722): Model->_readDataSource('first', Array)
#6 C:\cake\cakephp-2.4.0\lib\Cake\Controller\Component\Auth\BaseAuthenticate.php(114): Model->find('first', Array)
#7 C:\cake\cakephp-2.4.0\lib\Cake\Controller\Component\Auth\FormAuthenticate.php(81): BaseAuthenticate->_findUser('rbarnett@samfor...', 'Samue1Jackson')
#8 C:\cake\cakephp-2.4.0\lib\Cake\Controller\Component\AuthComponent.php(754): FormAuthenticate->authenticate(Object(CakeRequest), Object(CakeResponse))
#9 C:\cake\cakephp-2.4.0\lib\Cake\Controller\Component\AuthComponent.php(601): AuthComponent->identify(Object(CakeRequest), Object(CakeResponse))
#10 F:\xampp\htdocs\SalvatoresPizza\Controller\UsersController.php(169): AuthComponent->login()
#11 [internal function]: UsersController->login()
#12 C:\cake\cakephp-2.4.0\lib\Cake\Controller\Controller.php(490): ReflectionMethod->invokeArgs(Object(UsersController), Array)
#13 C:\cake\cakephp-2.4.0\lib\Cake\Routing\Dispatcher.php(187): Controller->invokeAction(Object(CakeRequest))
#14 C:\cake\cakephp-2.4.0\lib\Cake\Routing\Dispatcher.php(162): Dispatcher->_invoke(Object(UsersController), Object(CakeRequest), Object(CakeResponse))
#15 F:\xampp\htdocs\SalvatoresPizza\webroot\index.php(101): Dispatcher->dispatch(Object(CakeRequest), Object(CakeResponse))
#16 {main}
2014-01-06 18:49:18 Error: [NotFoundException] Invalid user
Request URL: /SalvatoresPizza/users/delete
Stack Trace:
#0 [internal function]: UsersController->delete()
#1 C:\cake\cakephp-2.4.0\lib\Cake\Controller\Controller.php(490): ReflectionMethod->invokeArgs(Object(UsersController), Array)
#2 C:\cake\cakephp-2.4.0\lib\Cake\Routing\Dispatcher.php(187): Controller->invokeAction(Object(CakeRequest))
#3 C:\cake\cakephp-2.4.0\lib\Cake\Routing\Dispatcher.php(162): Dispatcher->_invoke(Object(UsersController), Object(CakeRequest), Object(CakeResponse))
#4 F:\xampp\htdocs\SalvatoresPizza\webroot\index.php(101): Dispatcher->dispatch(Object(CakeRequest), Object(CakeResponse))
#5 {main}
2014-01-06 18:49:35 Error: [NotFoundException] Invalid user
Request URL: /SalvatoresPizza/users/edit
Stack Trace:
#0 [internal function]: UsersController->edit()
#1 C:\cake\cakephp-2.4.0\lib\Cake\Controller\Controller.php(490): ReflectionMethod->invokeArgs(Object(UsersController), Array)
#2 C:\cake\cakephp-2.4.0\lib\Cake\Routing\Dispatcher.php(187): Controller->invokeAction(Object(CakeRequest))
#3 C:\cake\cakephp-2.4.0\lib\Cake\Routing\Dispatcher.php(162): Dispatcher->_invoke(Object(UsersController), Object(CakeRequest), Object(CakeResponse))
#4 F:\xampp\htdocs\SalvatoresPizza\webroot\index.php(101): Dispatcher->dispatch(Object(CakeRequest), Object(CakeResponse))
#5 {main}
2014-01-06 18:50:23 Error: [NotFoundException] Invalid user
Request URL: /SalvatoresPizza/users/edit
Stack Trace:
#0 [internal function]: UsersController->edit()
#1 C:\cake\cakephp-2.4.0\lib\Cake\Controller\Controller.php(490): ReflectionMethod->invokeArgs(Object(UsersController), Array)
#2 C:\cake\cakephp-2.4.0\lib\Cake\Routing\Dispatcher.php(187): Controller->invokeAction(Object(CakeRequest))
#3 C:\cake\cakephp-2.4.0\lib\Cake\Routing\Dispatcher.php(162): Dispatcher->_invoke(Object(UsersController), Object(CakeRequest), Object(CakeResponse))
#4 F:\xampp\htdocs\SalvatoresPizza\webroot\index.php(101): Dispatcher->dispatch(Object(CakeRequest), Object(CakeResponse))
#5 {main}
2014-01-06 18:50:41 Error: [NotFoundException] Invalid user
Request URL: /SalvatoresPizza/users/edit
Stack Trace:
#0 [internal function]: UsersController->edit()
#1 C:\cake\cakephp-2.4.0\lib\Cake\Controller\Controller.php(490): ReflectionMethod->invokeArgs(Object(UsersController), Array)
#2 C:\cake\cakephp-2.4.0\lib\Cake\Routing\Dispatcher.php(187): Controller->invokeAction(Object(CakeRequest))
#3 C:\cake\cakephp-2.4.0\lib\Cake\Routing\Dispatcher.php(162): Dispatcher->_invoke(Object(UsersController), Object(CakeRequest), Object(CakeResponse))
#4 F:\xampp\htdocs\SalvatoresPizza\webroot\index.php(101): Dispatcher->dispatch(Object(CakeRequest), Object(CakeResponse))
#5 {main}
2014-01-06 18:50:49 Error: [MissingActionException] Action UsersController::indexbackoffice() could not be found.
Exception Attributes: array (
  'controller' => 'UsersController',
  'action' => 'indexbackoffice',
)
Request URL: /SalvatoresPizza/users/indexbackoffice
Stack Trace:
#0 C:\cake\cakephp-2.4.0\lib\Cake\Routing\Dispatcher.php(187): Controller->invokeAction(Object(CakeRequest))
#1 C:\cake\cakephp-2.4.0\lib\Cake\Routing\Dispatcher.php(162): Dispatcher->_invoke(Object(UsersController), Object(CakeRequest), Object(CakeResponse))
#2 F:\xampp\htdocs\SalvatoresPizza\webroot\index.php(101): Dispatcher->dispatch(Object(CakeRequest), Object(CakeResponse))
#3 {main}
2014-01-06 19:01:59 Error: [NotFoundException] Invalid user
Request URL: /SalvatoresPizza/users/delete
Stack Trace:
#0 [internal function]: UsersController->delete()
#1 C:\cake\cakephp-2.4.0\lib\Cake\Controller\Controller.php(490): ReflectionMethod->invokeArgs(Object(UsersController), Array)
#2 C:\cake\cakephp-2.4.0\lib\Cake\Routing\Dispatcher.php(187): Controller->invokeAction(Object(CakeRequest))
#3 C:\cake\cakephp-2.4.0\lib\Cake\Routing\Dispatcher.php(162): Dispatcher->_invoke(Object(UsersController), Object(CakeRequest), Object(CakeResponse))
#4 F:\xampp\htdocs\SalvatoresPizza\webroot\index.php(101): Dispatcher->dispatch(Object(CakeRequest), Object(CakeResponse))
#5 {main}
2014-01-06 19:15:02 Error: [MissingActionException] Action MenuCategoriesController::indexbackoffice() could not be found.
Exception Attributes: array (
  'controller' => 'MenuCategoriesController',
  'action' => 'indexbackoffice',
)
Request URL: /SalvatoresPizza/menucategories/indexbackoffice
Stack Trace:
#0 C:\cake\cakephp-2.4.0\lib\Cake\Routing\Dispatcher.php(187): Controller->invokeAction(Object(CakeRequest))
#1 C:\cake\cakephp-2.4.0\lib\Cake\Routing\Dispatcher.php(162): Dispatcher->_invoke(Object(MenuCategoriesController), Object(CakeRequest), Object(CakeResponse))
#2 F:\xampp\htdocs\SalvatoresPizza\webroot\index.php(101): Dispatcher->dispatch(Object(CakeRequest), Object(CakeResponse))
#3 {main}
